#
# There is insufficient memory for the Java Runtime Environment to continue.
# Native memory allocation (malloc) failed to allocate 1094416 bytes for Chunk::new
# Possible reasons:
#   The system is out of physical RAM or swap space
#   The process is running with CompressedOops enabled, and the Java Heap may be blocking the growth of the native heap
# Possible solutions:
#   Reduce memory load on the system
#   Increase physical memory or swap space
#   Check if swap backing store is full
#   Decrease Java heap size (-Xmx/-Xms)
#   Decrease number of Java threads
#   Decrease Java thread stack sizes (-Xss)
#   Set larger code cache with -XX:ReservedCodeCacheSize=
#   JVM is running with Unscaled Compressed Oops mode in which the Java heap is
#     placed in the first 4GB address space. The Java Heap base address is the
#     maximum limit for the native heap growth. Please use -XX:HeapBaseMinAddress
#     to set the Java Heap base and to place the Java Heap above 4GB virtual address.
# This output file may be truncated or incomplete.
#
#  Out of Memory Error (allocation.cpp:389), pid=11600, tid=0x00000000000035ec
#
# JRE version: OpenJDK Runtime Environment (8.0_242-b01) (build 1.8.0_242-release-1644-b01)
# Java VM: OpenJDK 64-Bit Server VM (25.242-b01 mixed mode windows-amd64 compressed oops)
# Failed to write core dump. Minidumps are not enabled by default on client versions of Windows
#

---------------  T H R E A D  ---------------

Current thread (0x0000000017b1d000):  JavaThread "C2 CompilerThread1" daemon [_thread_in_native, id=13804, stack(0x000000001a980000,0x000000001aa80000)]

Stack: [0x000000001a980000,0x000000001aa80000]
[error occurred during error reporting (printing stack bounds), id 0xc0000005]

Native frames: (J=compiled Java code, j=interpreted, Vv=VM code, C=native code)


Current CompileTask:
C2:  10890 13946 %     4       com.android.tools.r8.s.b.U0::a @ 258 (376 bytes)


---------------  P R O C E S S  ---------------

Java Threads: ( => current thread )
  0x000000001d1ac000 JavaThread "Cache worker for execution history cache (C:\Users\Fermin.DESKTOP-0JC1JG7\AndroidStudioProjects\AnimeThemes2\.gradle\6.5\executionHistory)" [_thread_blocked, id=7608, stack(0x000000002f670000,0x000000002f770000)]
  0x000000001d1ab000 JavaThread "Execution worker for ':' Thread 11" [_thread_blocked, id=5808, stack(0x000000002f570000,0x000000002f670000)]
  0x000000001d1a9800 JavaThread "Execution worker for ':' Thread 10" [_thread_blocked, id=1492, stack(0x000000002f470000,0x000000002f570000)]
  0x000000001d1a9000 JavaThread "Execution worker for ':' Thread 9" [_thread_blocked, id=8112, stack(0x000000002f370000,0x000000002f470000)]
  0x000000001d1a8000 JavaThread "Execution worker for ':' Thread 8" [_thread_blocked, id=7340, stack(0x000000002f270000,0x000000002f370000)]
  0x000000001d1ae000 JavaThread "Execution worker for ':' Thread 7" [_thread_blocked, id=9652, stack(0x000000002f170000,0x000000002f270000)]
  0x000000001d1aa800 JavaThread "Execution worker for ':' Thread 6" [_thread_blocked, id=8160, stack(0x000000002f070000,0x000000002f170000)]
  0x000000001d1a0800 JavaThread "Execution worker for ':' Thread 5" [_thread_blocked, id=7372, stack(0x000000002ef70000,0x000000002f070000)]
  0x000000001d1a7800 JavaThread "Execution worker for ':' Thread 4" [_thread_blocked, id=10388, stack(0x000000002ee70000,0x000000002ef70000)]
  0x000000001d1a4800 JavaThread "Execution worker for ':' Thread 3" [_thread_blocked, id=12188, stack(0x000000002ed70000,0x000000002ee70000)]
  0x000000001d1a6800 JavaThread "Execution worker for ':' Thread 2" [_thread_blocked, id=11916, stack(0x000000002ec70000,0x000000002ed70000)]
  0x000000001d1a2000 JavaThread "Execution worker for ':'" [_thread_blocked, id=5760, stack(0x000000002eb70000,0x000000002ec70000)]
  0x000000001d1a3000 JavaThread "Cache worker for file content cache (C:\Users\Fermin.DESKTOP-0JC1JG7\AndroidStudioProjects\AnimeThemes2\.gradle\6.5\fileContent)" [_thread_blocked, id=352, stack(0x000000002e670000,0x000000002e770000)]
  0x000000001d1a6000 JavaThread "Memory manager" [_thread_blocked, id=508, stack(0x000000002e370000,0x000000002e470000)]
  0x000000001d1a0000 JavaThread "Cache worker for Build Output Cleanup Cache (C:\Users\Fermin.DESKTOP-0JC1JG7\AndroidStudioProjects\AnimeThemes2\.gradle\buildOutputCleanup)" [_thread_blocked, id=13728, stack(0x000000002b2d0000,0x000000002b3d0000)]
  0x000000001d1a1800 JavaThread "jar transforms Thread 121" [_thread_blocked, id=1376, stack(0x000000002afd0000,0x000000002b0d0000)]
  0x000000001d1a5000 JavaThread "jar transforms Thread 120" [_thread_blocked, id=11336, stack(0x000000002aed0000,0x000000002afd0000)]
  0x0000000020567000 JavaThread "jar transforms Thread 119" [_thread_blocked, id=2948, stack(0x000000002add0000,0x000000002aed0000)]
  0x0000000020565800 JavaThread "jar transforms Thread 118" [_thread_blocked, id=11004, stack(0x000000002acd0000,0x000000002add0000)]
  0x0000000020566000 JavaThread "jar transforms Thread 117" [_thread_blocked, id=8896, stack(0x000000002abd0000,0x000000002acd0000)]
  0x0000000020567800 JavaThread "jar transforms Thread 116" [_thread_blocked, id=7172, stack(0x000000002aad0000,0x000000002abd0000)]
  0x0000000020564800 JavaThread "jar transforms Thread 115" [_thread_blocked, id=8956, stack(0x000000002a9d0000,0x000000002aad0000)]
  0x0000000020564000 JavaThread "jar transforms Thread 114" [_thread_blocked, id=6044, stack(0x000000002a8d0000,0x000000002a9d0000)]
  0x0000000020569000 JavaThread "jar transforms Thread 113" [_thread_blocked, id=14220, stack(0x000000002a7d0000,0x000000002a8d0000)]
  0x0000000020563000 JavaThread "jar transforms Thread 112" [_thread_blocked, id=8156, stack(0x000000002a6d0000,0x000000002a7d0000)]
  0x000000002056a000 JavaThread "jar transforms Thread 111" [_thread_blocked, id=12044, stack(0x000000002a5d0000,0x000000002a6d0000)]
  0x0000000020568800 JavaThread "jar transforms Thread 110" [_thread_blocked, id=8376, stack(0x000000002a4d0000,0x000000002a5d0000)]
  0x000000002055b800 JavaThread "jar transforms Thread 109" [_thread_blocked, id=2652, stack(0x000000002a3d0000,0x000000002a4d0000)]
  0x0000000020561800 JavaThread "jar transforms Thread 108" [_thread_blocked, id=2860, stack(0x000000002a2d0000,0x000000002a3d0000)]
  0x0000000020561000 JavaThread "jar transforms Thread 107" [_thread_blocked, id=6364, stack(0x000000002a1d0000,0x000000002a2d0000)]
  0x0000000020560000 JavaThread "jar transforms Thread 106" [_thread_blocked, id=2284, stack(0x000000002a0d0000,0x000000002a1d0000)]
  0x0000000020562800 JavaThread "jar transforms Thread 105" [_thread_blocked, id=12100, stack(0x0000000029fd0000,0x000000002a0d0000)]
  0x000000002055c800 JavaThread "jar transforms Thread 104" [_thread_blocked, id=1964, stack(0x0000000029ed0000,0x0000000029fd0000)]
  0x000000002055e800 JavaThread "jar transforms Thread 103" [_thread_blocked, id=14320, stack(0x0000000029dd0000,0x0000000029ed0000)]
  0x000000002055b000 JavaThread "jar transforms Thread 102" [_thread_blocked, id=5824, stack(0x0000000029cd0000,0x0000000029dd0000)]
  0x000000002055d000 JavaThread "jar transforms Thread 101" [_thread_blocked, id=6740, stack(0x0000000029bd0000,0x0000000029cd0000)]
  0x000000002055e000 JavaThread "jar transforms Thread 100" [_thread_blocked, id=5652, stack(0x0000000029ad0000,0x0000000029bd0000)]
  0x000000002055f800 JavaThread "jar transforms Thread 99" [_thread_blocked, id=4752, stack(0x00000000299d0000,0x0000000029ad0000)]
  0x0000000020712000 JavaThread "jar transforms Thread 98" [_thread_blocked, id=11856, stack(0x00000000298d0000,0x00000000299d0000)]
  0x0000000020711000 JavaThread "jar transforms Thread 97" [_thread_blocked, id=11084, stack(0x00000000297d0000,0x00000000298d0000)]
  0x0000000020710800 JavaThread "jar transforms Thread 96" [_thread_blocked, id=4628, stack(0x00000000296d0000,0x00000000297d0000)]
  0x000000002070f800 JavaThread "jar transforms Thread 95" [_thread_blocked, id=8876, stack(0x00000000295d0000,0x00000000296d0000)]
  0x000000002070f000 JavaThread "jar transforms Thread 94" [_thread_blocked, id=3556, stack(0x00000000294d0000,0x00000000295d0000)]
  0x000000002070e000 JavaThread "jar transforms Thread 93" [_thread_blocked, id=12028, stack(0x00000000293d0000,0x00000000294d0000)]
  0x0000000020706800 JavaThread "jar transforms Thread 92" [_thread_blocked, id=7004, stack(0x00000000292d0000,0x00000000293d0000)]
  0x000000002070d800 JavaThread "jar transforms Thread 91" [_thread_blocked, id=14096, stack(0x00000000291d0000,0x00000000292d0000)]
  0x000000002070c800 JavaThread "jar transforms Thread 90" [_thread_blocked, id=10852, stack(0x00000000290d0000,0x00000000291d0000)]
  0x0000000020705000 JavaThread "jar transforms Thread 89" [_thread_blocked, id=8316, stack(0x0000000028fd0000,0x00000000290d0000)]
  0x0000000020705800 JavaThread "jar transforms Thread 88" [_thread_blocked, id=6016, stack(0x0000000028ed0000,0x0000000028fd0000)]
  0x000000002070b000 JavaThread "jar transforms Thread 87" [_thread_blocked, id=6336, stack(0x0000000028dd0000,0x0000000028ed0000)]
  0x0000000020707800 JavaThread "jar transforms Thread 86" [_thread_blocked, id=2044, stack(0x0000000028cd0000,0x0000000028dd0000)]
  0x000000002070c000 JavaThread "jar transforms Thread 85" [_thread_blocked, id=1552, stack(0x0000000028bd0000,0x0000000028cd0000)]
  0x0000000020703800 JavaThread "jar transforms Thread 84" [_thread_blocked, id=5836, stack(0x0000000028ad0000,0x0000000028bd0000)]
  0x000000002070a800 JavaThread "jar transforms Thread 83" [_thread_blocked, id=8900, stack(0x00000000289d0000,0x0000000028ad0000)]
  0x0000000020702800 JavaThread "jar transforms Thread 82" [_thread_blocked, id=11524, stack(0x00000000288d0000,0x00000000289d0000)]
  0x0000000020704000 JavaThread "jar transforms Thread 81" [_thread_blocked, id=1316, stack(0x00000000287d0000,0x00000000288d0000)]
  0x0000000020708000 JavaThread "jar transforms Thread 80" [_thread_blocked, id=9540, stack(0x00000000286d0000,0x00000000287d0000)]
  0x0000000020709800 JavaThread "jar transforms Thread 79" [_thread_blocked, id=11072, stack(0x00000000285d0000,0x00000000286d0000)]
  0x0000000020709000 JavaThread "jar transforms Thread 78" [_thread_blocked, id=6964, stack(0x00000000284d0000,0x00000000285d0000)]
  0x0000000020ca2000 JavaThread "jar transforms Thread 77" [_thread_blocked, id=9300, stack(0x00000000283d0000,0x00000000284d0000)]
  0x0000000020ca0800 JavaThread "jar transforms Thread 76" [_thread_blocked, id=6816, stack(0x00000000281d0000,0x00000000282d0000)]
  0x0000000020ca0000 JavaThread "jar transforms Thread 75" [_thread_blocked, id=5876, stack(0x00000000280d0000,0x00000000281d0000)]
  0x0000000020ca1800 JavaThread "jar transforms Thread 74" [_thread_blocked, id=12048, stack(0x0000000027fd0000,0x00000000280d0000)]
  0x0000000020ca3000 JavaThread "jar transforms Thread 73" [_thread_blocked, id=6232, stack(0x0000000027ed0000,0x0000000027fd0000)]
  0x0000000020c9f000 JavaThread "jar transforms Thread 72" [_thread_blocked, id=4088, stack(0x0000000027dd0000,0x0000000027ed0000)]
  0x0000000020c97800 JavaThread "jar transforms Thread 71" [_thread_blocked, id=4632, stack(0x0000000027cd0000,0x0000000027dd0000)]
  0x0000000020c9e800 JavaThread "jar transforms Thread 70" [_thread_blocked, id=908, stack(0x0000000027bd0000,0x0000000027cd0000)]
  0x0000000020c97000 JavaThread "jar transforms Thread 69" [_thread_blocked, id=8216, stack(0x0000000027ad0000,0x0000000027bd0000)]
  0x0000000020c9d800 JavaThread "jar transforms Thread 68" [_thread_blocked, id=4704, stack(0x00000000279d0000,0x0000000027ad0000)]
  0x0000000020c9b800 JavaThread "jar transforms Thread 67" [_thread_blocked, id=3808, stack(0x00000000278d0000,0x00000000279d0000)]
  0x0000000020c9d000 JavaThread "jar transforms Thread 66" [_thread_blocked, id=12180, stack(0x00000000277d0000,0x00000000278d0000)]
  0x0000000020c9a800 JavaThread "jar transforms Thread 65" [_thread_blocked, id=9428, stack(0x00000000276d0000,0x00000000277d0000)]
  0x0000000020c9a000 JavaThread "jar transforms Thread 64" [_thread_blocked, id=13960, stack(0x00000000275d0000,0x00000000276d0000)]
  0x0000000020c9c000 JavaThread "jar transforms Thread 63" [_thread_blocked, id=12656, stack(0x00000000274d0000,0x00000000275d0000)]
  0x0000000020c95800 JavaThread "jar transforms Thread 62" [_thread_blocked, id=4428, stack(0x00000000273d0000,0x00000000274d0000)]
  0x0000000020c94800 JavaThread "jar transforms Thread 61" [_thread_blocked, id=2140, stack(0x00000000272d0000,0x00000000273d0000)]
  0x0000000020c99000 JavaThread "jar transforms Thread 60" [_thread_blocked, id=5136, stack(0x00000000271d0000,0x00000000272d0000)]
  0x0000000020c96000 JavaThread "jar transforms Thread 59" [_thread_blocked, id=11092, stack(0x00000000270d0000,0x00000000271d0000)]
  0x0000000020c98800 JavaThread "jar transforms Thread 58" [_thread_blocked, id=9956, stack(0x0000000026fd0000,0x00000000270d0000)]
  0x0000000020c93800 JavaThread "jar transforms Thread 57" [_thread_blocked, id=8948, stack(0x0000000026ed0000,0x0000000026fd0000)]
  0x000000001d3db800 JavaThread "jar transforms Thread 56" [_thread_blocked, id=12300, stack(0x0000000026dd0000,0x0000000026ed0000)]
  0x000000001d3db000 JavaThread "jar transforms Thread 55" [_thread_blocked, id=12384, stack(0x0000000026cd0000,0x0000000026dd0000)]
  0x000000001d3da000 JavaThread "jar transforms Thread 54" [_thread_blocked, id=2364, stack(0x0000000026bd0000,0x0000000026cd0000)]
  0x000000001d3d9800 JavaThread "jar transforms Thread 53" [_thread_blocked, id=4908, stack(0x0000000026ad0000,0x0000000026bd0000)]
  0x000000001d3dc800 JavaThread "jar transforms Thread 52" [_thread_blocked, id=14200, stack(0x00000000269d0000,0x0000000026ad0000)]
  0x000000001d3d2000 JavaThread "jar transforms Thread 51" [_thread_blocked, id=11160, stack(0x00000000268d0000,0x00000000269d0000)]
  0x000000001d3d8800 JavaThread "jar transforms Thread 50" [_thread_blocked, id=10480, stack(0x00000000267d0000,0x00000000268d0000)]
  0x000000001d3d7000 JavaThread "jar transforms Thread 49" [_thread_blocked, id=3724, stack(0x00000000266d0000,0x00000000267d0000)]
  0x000000001d3d6800 JavaThread "jar transforms Thread 48" [_thread_blocked, id=11204, stack(0x00000000265d0000,0x00000000266d0000)]
  0x000000001d3d5800 JavaThread "jar transforms Thread 47" [_thread_blocked, id=2040, stack(0x00000000264d0000,0x00000000265d0000)]
  0x000000001d3d5000 JavaThread "jar transforms Thread 46" [_thread_blocked, id=6924, stack(0x00000000263d0000,0x00000000264d0000)]
  0x000000001d3d8000 JavaThread "jar transforms Thread 45" [_thread_blocked, id=488, stack(0x00000000262d0000,0x00000000263d0000)]
  0x000000001d3cd800 JavaThread "jar transforms Thread 44" [_thread_blocked, id=10896, stack(0x00000000261d0000,0x00000000262d0000)]
  0x000000001d3d0800 JavaThread "jar transforms Thread 43" [_thread_blocked, id=7024, stack(0x00000000260d0000,0x00000000261d0000)]
  0x000000001d3d1000 JavaThread "jar transforms Thread 42" [_thread_blocked, id=11396, stack(0x0000000025fd0000,0x00000000260d0000)]
  0x000000001d3cf000 JavaThread "jar transforms Thread 41" [_thread_blocked, id=4380, stack(0x0000000025ed0000,0x0000000025fd0000)]
  0x000000001d3d3800 JavaThread "jar transforms Thread 40" [_thread_blocked, id=10284, stack(0x0000000025dd0000,0x0000000025ed0000)]
  0x000000001d3cf800 JavaThread "jar transforms Thread 39" [_thread_blocked, id=12644, stack(0x0000000025cd0000,0x0000000025dd0000)]
  0x000000001d3d2800 JavaThread "jar transforms Thread 38" [_thread_blocked, id=3328, stack(0x0000000025bd0000,0x0000000025cd0000)]
  0x000000001d3d4000 JavaThread "jar transforms Thread 37" [_thread_blocked, id=12816, stack(0x0000000025ad0000,0x0000000025bd0000)]
  0x000000001d3ce000 JavaThread "jar transforms Thread 36" [_thread_blocked, id=13412, stack(0x00000000259d0000,0x0000000025ad0000)]
  0x0000000020682800 JavaThread "jar transforms Thread 35" [_thread_blocked, id=6360, stack(0x00000000258d0000,0x00000000259d0000)]
  0x0000000020689800 JavaThread "jar transforms Thread 34" [_thread_blocked, id=14268, stack(0x00000000257d0000,0x00000000258d0000)]
  0x0000000020681800 JavaThread "jar transforms Thread 33" [_thread_blocked, id=9840, stack(0x00000000256d0000,0x00000000257d0000)]
  0x0000000020684800 JavaThread "jar transforms Thread 32" [_thread_blocked, id=5460, stack(0x00000000255d0000,0x00000000256d0000)]
  0x0000000020686000 JavaThread "jar transforms Thread 31" [_thread_blocked, id=7016, stack(0x00000000252d0000,0x00000000253d0000)]
  0x0000000020683000 JavaThread "jar transforms Thread 30" [_thread_blocked, id=8540, stack(0x00000000251d0000,0x00000000252d0000)]
  0x0000000020685800 JavaThread "jar transforms Thread 29" [_thread_blocked, id=5032, stack(0x00000000250d0000,0x00000000251d0000)]
  0x0000000020688800 JavaThread "jar transforms Thread 28" [_thread_blocked, id=14252, stack(0x0000000024fd0000,0x00000000250d0000)]
  0x0000000020687800 JavaThread "jar transforms Thread 27" [_thread_blocked, id=6656, stack(0x0000000024ed0000,0x0000000024fd0000)]
  0x0000000020684000 JavaThread "jar transforms Thread 26" [_thread_blocked, id=14100, stack(0x0000000024dd0000,0x0000000024ed0000)]
  0x0000000020687000 JavaThread "jar transforms Thread 25" [_thread_blocked, id=4564, stack(0x0000000024cd0000,0x0000000024dd0000)]
  0x000000002067a000 JavaThread "jar transforms Thread 24" [_thread_blocked, id=8564, stack(0x0000000024bd0000,0x0000000024cd0000)]
  0x0000000020680000 JavaThread "jar transforms Thread 23" [_thread_blocked, id=10860, stack(0x0000000024ad0000,0x0000000024bd0000)]
  0x000000002067f800 JavaThread "jar transforms Thread 22" [_thread_blocked, id=4720, stack(0x00000000249d0000,0x0000000024ad0000)]
  0x000000002067e800 JavaThread "jar transforms Thread 21" [_thread_blocked, id=7744, stack(0x00000000248d0000,0x00000000249d0000)]
  0x000000002067e000 JavaThread "jar transforms Thread 20" [_thread_blocked, id=9776, stack(0x00000000247d0000,0x00000000248d0000)]
  0x0000000020681000 JavaThread "jar transforms Thread 19" [_thread_blocked, id=9324, stack(0x00000000246d0000,0x00000000247d0000)]
  0x000000002067b800 JavaThread "jar transforms Thread 18" [_thread_blocked, id=10884, stack(0x00000000245d0000,0x00000000246d0000)]
  0x000000002067c800 JavaThread "jar transforms Thread 17" [_thread_blocked, id=8696, stack(0x00000000244d0000,0x00000000245d0000)]
  0x000000002067d000 JavaThread "jar transforms Thread 16" [_thread_blocked, id=12436, stack(0x00000000243d0000,0x00000000244d0000)]
  0x000000002067b000 JavaThread "jar transforms Thread 15" [_thread_blocked, id=9556, stack(0x00000000242d0000,0x00000000243d0000)]
  0x000000001d386800 JavaThread "jar transforms Thread 14" [_thread_blocked, id=2068, stack(0x00000000241d0000,0x00000000242d0000)]
  0x000000001d384800 JavaThread "jar transforms Thread 13" [_thread_blocked, id=10116, stack(0x00000000240d0000,0x00000000241d0000)]
  0x000000001d38a800 JavaThread "jar transforms Thread 12" [_thread_blocked, id=11000, stack(0x0000000023fd0000,0x00000000240d0000)]
  0x000000001d389000 JavaThread "jar transforms Thread 11" [_thread_blocked, id=6176, stack(0x0000000023ed0000,0x0000000023fd0000)]
  0x000000001d385000 JavaThread "jar transforms Thread 10" [_thread_blocked, id=10160, stack(0x0000000023dd0000,0x0000000023ed0000)]
  0x000000001d389800 JavaThread "jar transforms Thread 9" [_thread_blocked, id=12316, stack(0x0000000023cd0000,0x0000000023dd0000)]
  0x000000001d383800 JavaThread "jar transforms Thread 8" [_thread_blocked, id=3708, stack(0x0000000023bd0000,0x0000000023cd0000)]
  0x000000001d388000 JavaThread "jar transforms Thread 7" [_thread_blocked, id=3532, stack(0x0000000023ad0000,0x0000000023bd0000)]
  0x000000001d386000 JavaThread "jar transforms Thread 6" [_thread_blocked, id=12148, stack(0x00000000239d0000,0x0000000023ad0000)]
  0x000000001d387800 JavaThread "jar transforms Thread 5" [_thread_blocked, id=13628, stack(0x00000000238d0000,0x00000000239d0000)]
  0x000000001fb87000 JavaThread "jar transforms Thread 4" [_thread_blocked, id=10680, stack(0x00000000237d0000,0x00000000238d0000)]
  0x000000001fb8c800 JavaThread "jar transforms Thread 3" [_thread_blocked, id=10136, stack(0x00000000236d0000,0x00000000237d0000)]
  0x000000001fb8b000 JavaThread "jar transforms Thread 2" [_thread_blocked, id=3964, stack(0x00000000235d0000,0x00000000236d0000)]
  0x000000001fb8b800 JavaThread "Build operations Thread 12" [_thread_in_Java, id=4648, stack(0x00000000234d0000,0x00000000235d0000)]
  0x000000001fb8d000 JavaThread "Build operations Thread 11" [_thread_in_Java, id=12632, stack(0x00000000233d0000,0x00000000234d0000)]
  0x000000001fb8a000 JavaThread "Build operations Thread 10" [_thread_in_Java, id=13024, stack(0x00000000232d0000,0x00000000233d0000)]
  0x000000001fb88800 JavaThread "Build operations Thread 9" [_thread_in_native, id=32, stack(0x00000000231d0000,0x00000000232d0000)]
  0x000000001fb88000 JavaThread "Build operations Thread 8" [_thread_in_Java, id=12468, stack(0x00000000230d0000,0x00000000231d0000)]
  0x000000001fb89800 JavaThread "Build operations Thread 7" [_thread_in_Java, id=5348, stack(0x0000000022fd0000,0x00000000230d0000)]
  0x000000001fb7f800 JavaThread "Build operations Thread 6" [_thread_in_Java, id=6084, stack(0x0000000022ed0000,0x0000000022fd0000)]
  0x000000001fb86800 JavaThread "Build operations Thread 5" [_thread_in_Java, id=7496, stack(0x0000000022dd0000,0x0000000022ed0000)]
  0x000000001fb85800 JavaThread "Build operations Thread 4" [_thread_in_Java, id=1804, stack(0x0000000022cd0000,0x0000000022dd0000)]
  0x000000001fb82800 JavaThread "Build operations Thread 3" [_thread_in_Java, id=8464, stack(0x0000000022bd0000,0x0000000022cd0000)]
  0x000000001fb85000 JavaThread "Build operations Thread 2" [_thread_in_Java, id=8492, stack(0x0000000022ad0000,0x0000000022bd0000)]
  0x000000001fb82000 JavaThread "Build operations" [_thread_in_Java, id=1244, stack(0x00000000229d0000,0x0000000022ad0000)]
  0x0000000019233000 JavaThread "Cache worker for file content cache (C:\Users\Fermin.DESKTOP-0JC1JG7\.gradle\caches\6.5\fileContent)" [_thread_blocked, id=10472, stack(0x00000000222d0000,0x00000000223d0000)]
  0x0000000019232800 JavaThread "jar transforms" [_thread_blocked, id=9396, stack(0x00000000221d0000,0x00000000222d0000)]
  0x0000000019230000 JavaThread "Cache worker for execution history cache (C:\Users\Fermin.DESKTOP-0JC1JG7\.gradle\caches\6.5\executionHistory)" [_thread_blocked, id=3596, stack(0x0000000021ad0000,0x0000000021bd0000)]
  0x0000000019237000 JavaThread "Cache worker for cache directory md-rule (C:\Users\Fermin.DESKTOP-0JC1JG7\.gradle\caches\6.5\md-rule)" [_thread_blocked, id=12540, stack(0x00000000219d0000,0x0000000021ad0000)]
  0x0000000019236000 JavaThread "Cache worker for cache directory md-supplier (C:\Users\Fermin.DESKTOP-0JC1JG7\.gradle\caches\6.5\md-supplier)" [_thread_blocked, id=11440, stack(0x00000000218d0000,0x00000000219d0000)]
  0x0000000019231800 JavaThread "Cache worker for checksums cache (C:\Users\Fermin.DESKTOP-0JC1JG7\AndroidStudioProjects\AnimeThemes2\.gradle\checksums)" [_thread_blocked, id=5352, stack(0x00000000217d0000,0x00000000218d0000)]
  0x0000000019231000 JavaThread "Cache worker for file hash cache (C:\Users\Fermin.DESKTOP-0JC1JG7\AndroidStudioProjects\AnimeThemes2\.gradle\6.5\fileHashes)" [_thread_blocked, id=12568, stack(0x00000000202a0000,0x00000000203a0000)]
  0x0000000019234000 JavaThread "Cache worker for file hash cache (C:\Users\Fermin.DESKTOP-0JC1JG7\.gradle\caches\6.5\fileHashes)" [_thread_blocked, id=1500, stack(0x000000001efd0000,0x000000001f0d0000)]
  0x0000000019235800 JavaThread "File lock request listener" [_thread_in_native, id=7484, stack(0x000000001eed0000,0x000000001efd0000)]
  0x000000001b043000 JavaThread "Cache worker for journal cache (C:\Users\Fermin.DESKTOP-0JC1JG7\.gradle\caches\journal-1)" [_thread_blocked, id=13068, stack(0x000000001edd0000,0x000000001eed0000)]
  0x000000001ceed800 JavaThread "Thread-9" [_thread_blocked, id=13264, stack(0x000000001ead0000,0x000000001ebd0000)]
  0x000000001cefc000 JavaThread "Stdin handler" [_thread_blocked, id=1532, stack(0x000000001e9d0000,0x000000001ead0000)]
  0x000000001cefd000 JavaThread "Asynchronous log dispatcher for DefaultDaemonConnection: socket connection from /127.0.0.1:58324 to /127.0.0.1:58325" [_thread_blocked, id=13376, stack(0x000000001e8d0000,0x000000001e9d0000)]
  0x000000001cee5000 JavaThread "Daemon worker" [_thread_blocked, id=7424, stack(0x000000001e7d0000,0x000000001e8d0000)]
  0x000000001ceff800 JavaThread "Cancel handler" [_thread_blocked, id=8092, stack(0x000000001e6d0000,0x000000001e7d0000)]
  0x000000001cea9800 JavaThread "Handler for socket connection from /127.0.0.1:58324 to /127.0.0.1:58325" [_thread_in_native, id=3700, stack(0x000000001e5d0000,0x000000001e6d0000)]
  0x000000001cea6000 JavaThread "Daemon" [_thread_blocked, id=6832, stack(0x000000001e4d0000,0x000000001e5d0000)]
  0x000000001ce8b800 JavaThread "Daemon periodic checks" [_thread_blocked, id=4420, stack(0x000000001e0d0000,0x000000001e1d0000)]
  0x000000001ce25000 JavaThread "Incoming local TCP Connector on port 58324" [_thread_in_native, id=8000, stack(0x000000001de60000,0x000000001df60000)]
  0x000000001cdce000 JavaThread "Daemon health stats" [_thread_blocked, id=2932, stack(0x000000001d820000,0x000000001d920000)]
  0x00000000192b6800 JavaThread "Service Thread" daemon [_thread_blocked, id=13772, stack(0x000000001ac80000,0x000000001ad80000)]
  0x0000000019234800 JavaThread "C1 CompilerThread3" daemon [_thread_in_vm, id=14052, stack(0x000000001ab80000,0x000000001ac80000)]
  0x0000000019225800 JavaThread "C2 CompilerThread2" daemon [_thread_in_native, id=4392, stack(0x000000001aa80000,0x000000001ab80000)]
=>0x0000000017b1d000 JavaThread "C2 CompilerThread1" daemon [_thread_in_native, id=13804, stack(0x000000001a980000,0x000000001aa80000)]
  0x000000001921e800 JavaThread "C2 CompilerThread0" daemon [_thread_in_native, id=8628, stack(0x000000001a880000,0x000000001a980000)]
  0x000000001921d800 JavaThread "Attach Listener" daemon [_thread_blocked, id=1420, stack(0x000000001a780000,0x000000001a880000)]
  0x000000001921b000 JavaThread "Signal Dispatcher" daemon [_thread_blocked, id=9096, stack(0x000000001a680000,0x000000001a780000)]
  0x000000000289e000 JavaThread "Finalizer" daemon [_thread_blocked, id=7716, stack(0x000000001a460000,0x000000001a560000)]
  0x0000000019203000 JavaThread "Reference Handler" daemon [_thread_blocked, id=4320, stack(0x000000001a360000,0x000000001a460000)]
  0x00000000027a2800 JavaThread "main" [_thread_blocked, id=11420, stack(0x00000000026a0000,0x00000000027a0000)]

Other Threads:
  0x0000000017b04800 VMThread [stack: 0x000000001a260000,0x000000001a360000] [id=4056]
  0x00000000192b8000 WatcherThread [stack: 0x000000001ad80000,0x000000001ae80000] [id=13580]

VM state:not at safepoint (normal execution)

VM Mutex/Monitor currently owned by a thread: None

heap address: 0x0000000080000000, size: 2048 MB, Compressed Oops mode: 32-bit
Narrow klass base: 0x0000000000000000, Narrow klass shift: 3
Compressed class space size: 1073741824 Address: 0x0000000100000000

Heap:
 PSYoungGen      total 584704K, used 278906K [0x00000000d5580000, 0x00000000fcd00000, 0x0000000100000000)
  eden space 528896K, 50% used [0x00000000d5580000,0x00000000e5c3cc80,0x00000000f5a00000)
  from space 55808K, 17% used [0x00000000f5a00000,0x00000000f63a1c30,0x00000000f9080000)
  to   space 58880K, 0% used [0x00000000f9080000,0x00000000f9080000,0x00000000fca00000)
 ParOldGen       total 454144K, used 227834K [0x0000000080000000, 0x000000009bb80000, 0x00000000d5580000)
  object space 454144K, 50% used [0x0000000080000000,0x000000008de7e9e0,0x000000009bb80000)
 Metaspace       used 83821K, capacity 88002K, committed 91928K, reserved 1128448K
  class space    used 11348K, capacity 12136K, committed 13096K, reserved 1048576K

Card table byte_map: [0x0000000011c60000,0x0000000012070000] byte_map_base: 0x0000000011860000

Marking Bits: (ParMarkBitMap*) 0x00000000509af030
 Begin Bits: [0x0000000012d20000, 0x0000000014d20000)
 End Bits:   [0x0000000014d20000, 0x0000000016d20000)

Polling page: 0x0000000000c90000

CodeCache: size=245760Kb used=40712Kb max_used=40712Kb free=205047Kb
 bounds [0x00000000028a0000, 0x0000000005090000, 0x00000000118a0000]
 total_blobs=13161 nmethods=12332 adapters=740
 compilation: enabled

Compilation events (10 events):
Event: 10.882 Thread 0x0000000019234800 nmethod 14645 0x0000000005079b90 code [0x0000000005079ce0, 0x0000000005079df0]
Event: 10.882 Thread 0x0000000019234800 14642       2       com.android.tools.r8.ir.conversion.N::b (118 bytes)
Event: 10.883 Thread 0x0000000019234800 nmethod 14642 0x0000000005079e50 code [0x000000000507a000, 0x000000000507a358]
Event: 10.883 Thread 0x0000000019234800 14643       2       com.android.tools.r8.ir.conversion.N::a (39 bytes)
Event: 10.883 Thread 0x0000000019234800 nmethod 14643 0x000000000507a5d0 code [0x000000000507a760, 0x000000000507aa28]
Event: 10.883 Thread 0x0000000019234800 14646       2       com.android.tools.r8.s.a.p.l::a (29 bytes)
Event: 10.883 Thread 0x0000000019234800 nmethod 14646 0x000000000507ab90 code [0x000000000507ad00, 0x000000000507aeb0]
Event: 10.884 Thread 0x0000000019234800 14647       2       com.android.tools.r8.ir.conversion.G::a (46 bytes)
Event: 10.886 Thread 0x0000000019234800 nmethod 14647 0x000000000507af50 code [0x000000000507b1a0, 0x000000000507ba58]
Event: 10.887 Thread 0x0000000019234800 14648       2       com.android.tools.r8.s.b.F0::a (409 bytes)

GC Heap History (10 events):
Event: 9.405 GC heap before
{Heap before GC invocations=21 (full 4):
 PSYoungGen      total 416768K, used 350208K [0x00000000d5580000, 0x00000000f2e00000, 0x0000000100000000)
  eden space 350208K, 100% used [0x00000000d5580000,0x00000000eab80000,0x00000000eab80000)
  from space 66560K, 0% used [0x00000000eea80000,0x00000000eea80000,0x00000000f2b80000)
  to   space 64512K, 0% used [0x00000000eab80000,0x00000000eab80000,0x00000000eea80000)
 ParOldGen       total 454144K, used 180129K [0x0000000080000000, 0x000000009bb80000, 0x00000000d5580000)
  object space 454144K, 39% used [0x0000000080000000,0x000000008afe8760,0x000000009bb80000)
 Metaspace       used 82355K, capacity 86370K, committed 90648K, reserved 1126400K
  class space    used 11319K, capacity 12076K, committed 13096K, reserved 1048576K
Event: 9.415 GC heap after
Heap after GC invocations=21 (full 4):
 PSYoungGen      total 414720K, used 15960K [0x00000000d5580000, 0x00000000f7600000, 0x0000000100000000)
  eden space 350208K, 0% used [0x00000000d5580000,0x00000000d5580000,0x00000000eab80000)
  from space 64512K, 24% used [0x00000000eab80000,0x00000000ebb161f8,0x00000000eea80000)
  to   space 62464K, 0% used [0x00000000f3900000,0x00000000f3900000,0x00000000f7600000)
 ParOldGen       total 454144K, used 180129K [0x0000000080000000, 0x000000009bb80000, 0x00000000d5580000)
  object space 454144K, 39% used [0x0000000080000000,0x000000008afe8760,0x000000009bb80000)
 Metaspace       used 82355K, capacity 86370K, committed 90648K, reserved 1126400K
  class space    used 11319K, capacity 12076K, committed 13096K, reserved 1048576K
}
Event: 9.723 GC heap before
{Heap before GC invocations=22 (full 4):
 PSYoungGen      total 414720K, used 366168K [0x00000000d5580000, 0x00000000f7600000, 0x0000000100000000)
  eden space 350208K, 100% used [0x00000000d5580000,0x00000000eab80000,0x00000000eab80000)
  from space 64512K, 24% used [0x00000000eab80000,0x00000000ebb161f8,0x00000000eea80000)
  to   space 62464K, 0% used [0x00000000f3900000,0x00000000f3900000,0x00000000f7600000)
 ParOldGen       total 454144K, used 180129K [0x0000000080000000, 0x000000009bb80000, 0x00000000d5580000)
  object space 454144K, 39% used [0x0000000080000000,0x000000008afe8760,0x000000009bb80000)
 Metaspace       used 82655K, capacity 86760K, committed 90904K, reserved 1126400K
  class space    used 11341K, capacity 12131K, committed 13096K, reserved 1048576K
Event: 9.736 GC heap after
Heap after GC invocations=22 (full 4):
 PSYoungGen      total 487936K, used 7047K [0x00000000d5580000, 0x00000000f7180000, 0x0000000100000000)
  eden space 430080K, 0% used [0x00000000d5580000,0x00000000d5580000,0x00000000ef980000)
  from space 57856K, 12% used [0x00000000f3900000,0x00000000f3fe1c50,0x00000000f7180000)
  to   space 61440K, 0% used [0x00000000ef980000,0x00000000ef980000,0x00000000f3580000)
 ParOldGen       total 454144K, used 194002K [0x0000000080000000, 0x000000009bb80000, 0x00000000d5580000)
  object space 454144K, 42% used [0x0000000080000000,0x000000008bd74b78,0x000000009bb80000)
 Metaspace       used 82655K, capacity 86760K, committed 90904K, reserved 1126400K
  class space    used 11341K, capacity 12131K, committed 13096K, reserved 1048576K
}
Event: 10.081 GC heap before
{Heap before GC invocations=23 (full 4):
 PSYoungGen      total 487936K, used 437127K [0x00000000d5580000, 0x00000000f7180000, 0x0000000100000000)
  eden space 430080K, 100% used [0x00000000d5580000,0x00000000ef980000,0x00000000ef980000)
  from space 57856K, 12% used [0x00000000f3900000,0x00000000f3fe1c50,0x00000000f7180000)
  to   space 61440K, 0% used [0x00000000ef980000,0x00000000ef980000,0x00000000f3580000)
 ParOldGen       total 454144K, used 194002K [0x0000000080000000, 0x000000009bb80000, 0x00000000d5580000)
  object space 454144K, 42% used [0x0000000080000000,0x000000008bd74b78,0x000000009bb80000)
 Metaspace       used 82957K, capacity 87094K, committed 91160K, reserved 1128448K
  class space    used 11343K, capacity 12132K, committed 13096K, reserved 1048576K
Event: 10.097 GC heap after
Heap after GC invocations=23 (full 4):
 PSYoungGen      total 491520K, used 15510K [0x00000000d5580000, 0x00000000fca00000, 0x0000000100000000)
  eden space 430080K, 0% used [0x00000000d5580000,0x00000000d5580000,0x00000000ef980000)
  from space 61440K, 25% used [0x00000000ef980000,0x00000000f08a5a90,0x00000000f3580000)
  to   space 58880K, 0% used [0x00000000f9080000,0x00000000f9080000,0x00000000fca00000)
 ParOldGen       total 454144K, used 199227K [0x0000000080000000, 0x000000009bb80000, 0x00000000d5580000)
  object space 454144K, 43% used [0x0000000080000000,0x000000008c28ed88,0x000000009bb80000)
 Metaspace       used 82957K, capacity 87094K, committed 91160K, reserved 1128448K
  class space    used 11343K, capacity 12132K, committed 13096K, reserved 1048576K
}
Event: 10.363 GC heap before
{Heap before GC invocations=24 (full 4):
 PSYoungGen      total 491520K, used 445590K [0x00000000d5580000, 0x00000000fca00000, 0x0000000100000000)
  eden space 430080K, 100% used [0x00000000d5580000,0x00000000ef980000,0x00000000ef980000)
  from space 61440K, 25% used [0x00000000ef980000,0x00000000f08a5a90,0x00000000f3580000)
  to   space 58880K, 0% used [0x00000000f9080000,0x00000000f9080000,0x00000000fca00000)
 ParOldGen       total 454144K, used 199227K [0x0000000080000000, 0x000000009bb80000, 0x00000000d5580000)
  object space 454144K, 43% used [0x0000000080000000,0x000000008c28ed88,0x000000009bb80000)
 Metaspace       used 83299K, capacity 87476K, committed 91416K, reserved 1128448K
  class space    used 11346K, capacity 12135K, committed 13096K, reserved 1048576K
Event: 10.394 GC heap after
Heap after GC invocations=24 (full 4):
 PSYoungGen      total 587776K, used 23889K [0x00000000d5580000, 0x00000000fcd00000, 0x0000000100000000)
  eden space 528896K, 0% used [0x00000000d5580000,0x00000000d5580000,0x00000000f5a00000)
  from space 58880K, 40% used [0x00000000f9080000,0x00000000fa7d4558,0x00000000fca00000)
  to   space 55808K, 0% used [0x00000000f5a00000,0x00000000f5a00000,0x00000000f9080000)
 ParOldGen       total 454144K, used 209444K [0x0000000080000000, 0x000000009bb80000, 0x00000000d5580000)
  object space 454144K, 46% used [0x0000000080000000,0x000000008cc893f8,0x000000009bb80000)
 Metaspace       used 83299K, capacity 87476K, committed 91416K, reserved 1128448K
  class space    used 11346K, capacity 12135K, committed 13096K, reserved 1048576K
}
Event: 10.733 GC heap before
{Heap before GC invocations=25 (full 4):
 PSYoungGen      total 587776K, used 552785K [0x00000000d5580000, 0x00000000fcd00000, 0x0000000100000000)
  eden space 528896K, 100% used [0x00000000d5580000,0x00000000f5a00000,0x00000000f5a00000)
  from space 58880K, 40% used [0x00000000f9080000,0x00000000fa7d4558,0x00000000fca00000)
  to   space 55808K, 0% used [0x00000000f5a00000,0x00000000f5a00000,0x00000000f9080000)
 ParOldGen       total 454144K, used 209444K [0x0000000080000000, 0x000000009bb80000, 0x00000000d5580000)
  object space 454144K, 46% used [0x0000000080000000,0x000000008cc893f8,0x000000009bb80000)
 Metaspace       used 83723K, capacity 87930K, committed 91928K, reserved 1128448K
  class space    used 11348K, capacity 12136K, committed 13096K, reserved 1048576K
Event: 10.754 GC heap after
Heap after GC invocations=25 (full 4):
 PSYoungGen      total 584704K, used 9863K [0x00000000d5580000, 0x00000000fcd00000, 0x0000000100000000)
  eden space 528896K, 0% used [0x00000000d5580000,0x00000000d5580000,0x00000000f5a00000)
  from space 55808K, 17% used [0x00000000f5a00000,0x00000000f63a1c30,0x00000000f9080000)
  to   space 58880K, 0% used [0x00000000f9080000,0x00000000f9080000,0x00000000fca00000)
 ParOldGen       total 454144K, used 227834K [0x0000000080000000, 0x000000009bb80000, 0x00000000d5580000)
  object space 454144K, 50% used [0x0000000080000000,0x000000008de7e9e0,0x000000009bb80000)
 Metaspace       used 83723K, capacity 87930K, committed 91928K, reserved 1128448K
  class space    used 11348K, capacity 12136K, committed 13096K, reserved 1048576K
}

Deoptimization events (10 events):
Event: 10.109 Thread 0x000000001fb89800 Uncommon trap: reason=null_check action=make_not_entrant pc=0x0000000004d168b0 method=com.android.tools.r8.s.b.t.b(Lcom/android/tools/r8/s/b/W0;)Lcom/android/tools/r8/s/b/W0; @ 11
Event: 10.109 Thread 0x000000001fb85000 Uncommon trap: reason=null_check action=make_not_entrant pc=0x0000000004d168b0 method=com.android.tools.r8.s.b.t.b(Lcom/android/tools/r8/s/b/W0;)Lcom/android/tools/r8/s/b/W0; @ 11
Event: 10.511 Thread 0x000000001fb88000 Uncommon trap: reason=class_check action=maybe_recompile pc=0x0000000003fe9388 method=com.android.tools.r8.s.a.h.e.b(Lcom/android/tools/r8/s/b/k0;)V @ 379
Event: 10.638 Thread 0x000000001fb88800 Uncommon trap: reason=null_check action=make_not_entrant pc=0x000000000435b144 method=com.android.tools.r8.graph.i0.computeEquals(Ljava/lang/Object;)Z @ 1
Event: 10.674 Thread 0x000000001fb88000 Uncommon trap: reason=bimorphic action=maybe_recompile pc=0x0000000004fc64e8 method=com.android.tools.r8.q.a.a.b.u0.a(Ljava/util/Collection;)Lcom/android/tools/r8/q/a/a/b/u0; @ 47
Event: 10.674 Thread 0x000000001fb88000 Uncommon trap: reason=class_check action=maybe_recompile pc=0x0000000004fc6228 method=com.android.tools.r8.s.b.o.c(Lcom/android/tools/r8/s/b/o;)Z @ 29
Event: 10.674 Thread 0x000000001fb88000 Uncommon trap: reason=class_check action=maybe_recompile pc=0x0000000004fc6228 method=com.android.tools.r8.s.b.o.c(Lcom/android/tools/r8/s/b/o;)Z @ 29
Event: 10.674 Thread 0x000000001fb88000 Uncommon trap: reason=class_check action=maybe_recompile pc=0x0000000004fc6228 method=com.android.tools.r8.s.b.o.c(Lcom/android/tools/r8/s/b/o;)Z @ 29
Event: 10.674 Thread 0x000000001fb88000 Uncommon trap: reason=class_check action=maybe_recompile pc=0x0000000004fc6228 method=com.android.tools.r8.s.b.o.c(Lcom/android/tools/r8/s/b/o;)Z @ 29
Event: 10.759 Thread 0x000000001fb8a000 Uncommon trap: reason=unstable_if action=reinterpret pc=0x0000000004e6b4cc method=com.android.tools.r8.ir.conversion.o.a(Lcom/android/tools/r8/ir/conversion/N;IIZ)V @ 245

Classes redefined (0 events):
No events

Internal exceptions (10 events):
Event: 10.261 Thread 0x000000001fb85000 Exception <a 'sun/nio/fs/WindowsException'> (0x00000000e5bfa8a0) thrown at [C:\src\AOSP-openjdk-git\hotspot\src\share\vm\prims\jni.cpp, line 710]
Event: 10.275 Thread 0x000000001fb7f800 Exception <a 'sun/nio/fs/WindowsException'> (0x00000000e6a592f0) thrown at [C:\src\AOSP-openjdk-git\hotspot\src\share\vm\prims\jni.cpp, line 710]
Event: 10.356 Thread 0x000000001fb7f800 Exception <a 'sun/nio/fs/WindowsException'> (0x00000000eed3fb00) thrown at [C:\src\AOSP-openjdk-git\hotspot\src\share\vm\prims\jni.cpp, line 710]
Event: 10.415 Thread 0x000000001fb85000 Exception <a 'sun/nio/fs/WindowsException'> (0x00000000d55db708) thrown at [C:\src\AOSP-openjdk-git\hotspot\src\share\vm\prims\jni.cpp, line 710]
Event: 10.638 Thread 0x000000001fb88800 Implicit null exception at 0x000000000435afcf to 0x000000000435b139
Event: 10.676 Thread 0x000000001fb88800 Exception <a 'sun/nio/fs/WindowsException'> (0x00000000f0ccc740) thrown at [C:\src\AOSP-openjdk-git\hotspot\src\share\vm\prims\jni.cpp, line 710]
Event: 10.716 Thread 0x000000001fb7f800 Exception <a 'sun/nio/fs/WindowsException'> (0x00000000f28351f0) thrown at [C:\src\AOSP-openjdk-git\hotspot\src\share\vm\prims\jni.cpp, line 710]
Event: 10.790 Thread 0x000000001fb7f800 Exception <a 'sun/nio/fs/WindowsException'> (0x00000000d894eef0) thrown at [C:\src\AOSP-openjdk-git\hotspot\src\share\vm\prims\jni.cpp, line 710]
Event: 10.798 Thread 0x000000001fb88800 Exception <a 'sun/nio/fs/WindowsException'> (0x00000000daccd200) thrown at [C:\src\AOSP-openjdk-git\hotspot\src\share\vm\prims\jni.cpp, line 710]
Event: 10.862 Thread 0x000000001fb88800 Exception <a 'sun/nio/fs/WindowsException'> (0x00000000e13faf78) thrown at [C:\src\AOSP-openjdk-git\hotspot\src\share\vm\prims\jni.cpp, line 710]

Events (10 events):
Event: 10.818 Thread 0x000000001fb88000 DEOPT PACKING pc=0x0000000004791d51 sp=0x00000000231ca270
Event: 10.818 Thread 0x000000001fb88000 DEOPT UNPACKING pc=0x00000000028e71d0 sp=0x00000000231ca030 mode 0
Event: 10.830 Thread 0x000000001fb8a000 DEOPT PACKING pc=0x0000000005011219 sp=0x00000000233ca000
Event: 10.830 Thread 0x000000001fb8a000 DEOPT UNPACKING pc=0x00000000028e71d0 sp=0x00000000233ca010 mode 0
Event: 10.842 Thread 0x000000001fb82800 DEOPT PACKING pc=0x0000000004756bb0 sp=0x0000000022cca200
Event: 10.842 Thread 0x000000001fb82800 DEOPT UNPACKING pc=0x00000000028e71d0 sp=0x0000000022cca048 mode 0
Event: 10.869 Thread 0x000000001fb7f800 DEOPT PACKING pc=0x0000000004756bb0 sp=0x0000000022fca1a0
Event: 10.869 Thread 0x000000001fb7f800 DEOPT UNPACKING pc=0x00000000028e71d0 sp=0x0000000022fc9fe8 mode 0
Event: 10.871 Thread 0x000000001fb7f800 DEOPT PACKING pc=0x0000000004791d51 sp=0x0000000022fca070
Event: 10.871 Thread 0x000000001fb7f800 DEOPT UNPACKING pc=0x00000000028e71d0 sp=0x0000000022fc9e30 mode 0


Dynamic libraries:
0x00007ff717850000 - 0x00007ff717881000 	C:\Program Files\Android\Android Studio\jre\bin\java.exe
0x00007ffa9dd90000 - 0x00007ffa9df8e000 	C:\WINDOWS\SYSTEM32\ntdll.dll
0x00007ffa9bfb0000 - 0x00007ffa9c06c000 	C:\WINDOWS\System32\KERNEL32.DLL
0x00007ffa9b890000 - 0x00007ffa9bbe9000 	C:\WINDOWS\System32\KERNELBASE.dll
0x00007ffa98bb0000 - 0x00007ffa98c41000 	C:\WINDOWS\SYSTEM32\apphelp.dll
0x00007ffa9c070000 - 0x00007ffa9c11c000 	C:\WINDOWS\System32\ADVAPI32.dll
0x00007ffa9c460000 - 0x00007ffa9c503000 	C:\WINDOWS\System32\msvcrt.dll
0x00007ffa9d5a0000 - 0x00007ffa9d63e000 	C:\WINDOWS\System32\sechost.dll
0x00007ffa9d640000 - 0x00007ffa9d763000 	C:\WINDOWS\System32\RPCRT4.dll
0x00007ffa9c120000 - 0x00007ffa9c2c6000 	C:\WINDOWS\System32\USER32.dll
0x00007ffa9b410000 - 0x00007ffa9b436000 	C:\WINDOWS\System32\win32u.dll
0x00007ffa9cd80000 - 0x00007ffa9cdab000 	C:\WINDOWS\System32\GDI32.dll
0x00007ffa9bbf0000 - 0x00007ffa9bd01000 	C:\WINDOWS\System32\gdi32full.dll
0x00007ffa9b780000 - 0x00007ffa9b820000 	C:\WINDOWS\System32\msvcp_win.dll
0x00007ffa9b670000 - 0x00007ffa9b780000 	C:\WINDOWS\System32\ucrtbase.dll
0x00007ffa8ed60000 - 0x00007ffa8f005000 	C:\WINDOWS\WinSxS\amd64_microsoft.windows.common-controls_6595b64144ccf1df_6.0.20241.1000_none_8ecd57be41fa8bb6\COMCTL32.dll
0x00007ffa9d930000 - 0x00007ffa9d961000 	C:\WINDOWS\System32\IMM32.DLL
0x0000000077e40000 - 0x0000000077f12000 	C:\Program Files\Android\Android Studio\jre\jre\bin\msvcr100.dll
0x00000000501e0000 - 0x0000000050a2b000 	C:\Program Files\Android\Android Studio\jre\jre\bin\server\jvm.dll
0x00007ffa9bfa0000 - 0x00007ffa9bfa8000 	C:\WINDOWS\System32\PSAPI.DLL
0x00007ffa97840000 - 0x00007ffa97849000 	C:\WINDOWS\SYSTEM32\WSOCK32.dll
0x00007ffa96200000 - 0x00007ffa96227000 	C:\WINDOWS\SYSTEM32\WINMM.dll
0x00007ffa92de0000 - 0x00007ffa92dea000 	C:\WINDOWS\SYSTEM32\VERSION.dll
0x00007ffa9dc70000 - 0x00007ffa9dce1000 	C:\WINDOWS\System32\WS2_32.dll
0x00007ffa98b00000 - 0x00007ffa98b0f000 	C:\Program Files\Android\Android Studio\jre\jre\bin\verify.dll
0x00007ffa82580000 - 0x00007ffa825a9000 	C:\Program Files\Android\Android Studio\jre\jre\bin\java.dll
0x00007ffa82260000 - 0x00007ffa82276000 	C:\Program Files\Android\Android Studio\jre\jre\bin\zip.dll
0x00007ffa9c510000 - 0x00007ffa9cc6c000 	C:\WINDOWS\System32\SHELL32.dll
0x00007ffa995a0000 - 0x00007ffa99def000 	C:\WINDOWS\SYSTEM32\windows.storage.dll
0x00007ffa9cdb0000 - 0x00007ffa9d126000 	C:\WINDOWS\System32\combase.dll
0x00007ffa9d770000 - 0x00007ffa9d85b000 	C:\WINDOWS\System32\SHCORE.dll
0x00007ffa9c400000 - 0x00007ffa9c45f000 	C:\WINDOWS\System32\shlwapi.dll
0x00007ffa9b2c0000 - 0x00007ffa9b2e1000 	C:\WINDOWS\SYSTEM32\profapi.dll
0x00007ffa81f80000 - 0x00007ffa81f9a000 	C:\Program Files\Android\Android Studio\jre\jre\bin\net.dll
0x00007ffa9a9b0000 - 0x00007ffa9aa18000 	C:\WINDOWS\system32\mswsock.dll
0x00007ffa7e0b0000 - 0x00007ffa7e0c3000 	C:\Program Files\Android\Android Studio\jre\jre\bin\nio.dll
0x00007ffa8cf40000 - 0x00007ffa8cf67000 	C:\Users\Fermin.DESKTOP-0JC1JG7\.gradle\native\f6784746aeab05261644944871eae4fe03e0ef1612fff0a4a95f87b438bc6780\windows-amd64\native-platform.dll
0x00007ffa96460000 - 0x00007ffa9646d000 	C:\Program Files\Android\Android Studio\jre\jre\bin\management.dll
0x00007ffa9abf0000 - 0x00007ffa9ac08000 	C:\WINDOWS\SYSTEM32\CRYPTSP.dll
0x00007ffa9a320000 - 0x00007ffa9a355000 	C:\WINDOWS\system32\rsaenh.dll
0x00007ffa9aaa0000 - 0x00007ffa9aace000 	C:\WINDOWS\SYSTEM32\USERENV.dll
0x00007ffa9ad40000 - 0x00007ffa9ad67000 	C:\WINDOWS\SYSTEM32\bcrypt.dll
0x00007ffa9b390000 - 0x00007ffa9b409000 	C:\WINDOWS\System32\bcryptprimitives.dll
0x00007ffa9ac10000 - 0x00007ffa9ac1c000 	C:\WINDOWS\SYSTEM32\CRYPTBASE.dll
0x00007ffa9a690000 - 0x00007ffa9a6bd000 	C:\WINDOWS\SYSTEM32\IPHLPAPI.DLL
0x00007ffa9c360000 - 0x00007ffa9c369000 	C:\WINDOWS\System32\NSI.dll
0x00007ffa95260000 - 0x00007ffa95279000 	C:\WINDOWS\SYSTEM32\dhcpcsvc6.DLL
0x00007ffa95210000 - 0x00007ffa9522d000 	C:\WINDOWS\SYSTEM32\dhcpcsvc.DLL
0x00007ffa9a6c0000 - 0x00007ffa9a79e000 	C:\WINDOWS\SYSTEM32\DNSAPI.dll
0x00007ffa95550000 - 0x00007ffa9555c000 	C:\WINDOWS\SYSTEM32\WINNSI.DLL

VM Arguments:
jvm_args: -Xmx2048m -Dfile.encoding=UTF-8 -Duser.country=AR -Duser.language=es -Duser.variant 
java_command: org.gradle.launcher.daemon.bootstrap.GradleDaemon 6.5
java_class_path (initial): C:\Users\Fermin.DESKTOP-0JC1JG7\.gradle\wrapper\dists\gradle-6.5-all\2oz4ud9k3tuxjg84bbf55q0tn\gradle-6.5\lib\gradle-launcher-6.5.jar
Launcher Type: SUN_STANDARD

Environment Variables:
PATH=C:\Program Files\Python38\Scripts\;C:\Program Files\Python38\;C:\Program Files\Python39\Scripts\;C:\Program Files\Python39\;C:\Program Files\Common Files\Oracle\Java\javapath;C:\Program Files (x86)\Common Files\Oracle\Java\javapath;C:\Windows\system32;C:\Windows;C:\Windows\System32\Wbem;C:\Windows\System32\WindowsPowerShell\v1.0\;C:\Windows\System32\OpenSSH\;C:\Program Files (x86)\NVIDIA Corporation\PhysX\Common;C:\Program Files\NVIDIA Corporation\NVIDIA NvDLISR;C:\ProgramData\chocolatey\bin;C:\ProgramData\chocolatey\lib\gsudo\bin\;C:\Program Files\Git\cmd;C:\WINDOWS\system32;C:\WINDOWS;C:\WINDOWS\System32\Wbem;C:\WINDOWS\System32\WindowsPowerShell\v1.0\;C:\WINDOWS\System32\OpenSSH\;C:\Users\Fermin.DESKTOP-0JC1JG7\AppData\Local\Programs\Python\Python39;D:\ffmpeg\bin;C:\Program Files\nodejs\;C:\Users\Fermin.DESKTOP-0JC1JG7\AppData\Local\Programs\Python\Python39\Scripts;C:\Program Files\FileBot\;C:\Program Files\VapourSynth\core;C:\Program Files\VapourSynth\vsrepo;C:\Users\Fermin.DESKTOP-0JC1JG7\AppData\Local\Microsoft\WindowsApps;C:\Program Files\MKVToolNix;C:\Users\Fermin.DESKTOP-0JC1JG7\AppData\Roaming\npm;C:\Users\Fermin.DESKTOP-0JC1JG7\AppData\Local\Programs\Microsoft VS Code\bin;C:\Program Files\heroku\bin
USERNAME=Fermin
OS=Windows_NT
PROCESSOR_IDENTIFIER=AMD64 Family 23 Model 113 Stepping 0, AuthenticAMD



---------------  S Y S T E M  ---------------

OS: Windows 10.0 , 64 bit Build 20241 (10.0.20241.1000)

CPU:total 12 (initial active 12) (12 cores per cpu, 1 threads per core) family 23 model 113 stepping 0, cmov, cx8, fxsr, mmx, sse, sse2, sse3, ssse3, sse4.1, sse4.2, popcnt, avx, avx2, aes, clmul, mmxext, 3dnowpref, lzcnt, sse4a, tsc, tscinvbit, tscinv, bmi1

Memory: 4k page, physical 16703268k(587064k free), swap 25091876k(5152k free)

vm_info: OpenJDK 64-Bit Server VM (25.242-b01) for windows-amd64 JRE (1.8.0_242-release-1644-b01), built by "builder" with MS VC++ 10.0 (VS2010)

time: Tue Dec 29 04:06:24 2020
timezone: Hora estándar de Argentina
elapsed time: 10 seconds (0d 0h 0m 10s)

